<?xml version="1.0" encoding="UTF-8"?>
<!-- Generated by org.testng.reporters.JUnitReportReporter -->
<testsuite hostname="CELSYSNCR000070" failures="0" tests="4" name="api.test.UserTests" time="12.393" errors="0" timestamp="2023-12-29T08:41:53 IST" skipped="0">
  <testcase classname="api.test.UserTests" name="testPostUser" time="4.625"/>
  <testcase classname="api.test.UserTests" name="testGetUserByName" time="2.000"/>
  <testcase classname="api.test.UserTests" name="testUpdateUserByName" time="3.839"/>
  <testcase classname="api.test.UserTests" name="testDeleteUserByName" time="1.929"/>
</testsuite> <!-- api.test.UserTests -->
