<?xml version="1.0" encoding="UTF-8"?>
<!-- Generated by org.testng.reporters.JUnitReportReporter -->
<testsuite hostname="CELSYSNCR000070" failures="0" tests="4" name="api.test.UserTests2" time="25.070" errors="0" timestamp="2024-01-02T09:47:39 IST" skipped="0">
  <testcase classname="api.test.UserTests2" name="testPostUser" time="6.709"/>
  <testcase classname="api.test.UserTests2" name="testGetUserByName" time="6.785"/>
  <testcase classname="api.test.UserTests2" name="testUpdateUserByName" time="9.055"/>
  <testcase classname="api.test.UserTests2" name="testDeleteUserByName" time="2.521"/>
</testsuite> <!-- api.test.UserTests2 -->
