<?xml version="1.0" encoding="UTF-8"?>
<!-- Generated by org.testng.reporters.JUnitReportReporter -->
<testsuite hostname="CELSYSNCR000070" failures="0" tests="4" name="api.test.UserTests" time="10.714" errors="0" timestamp="2023-12-29T16:39:47 IST" skipped="0">
  <testcase classname="api.test.UserTests" name="testPostUser" time="2.440"/>
  <testcase classname="api.test.UserTests" name="testGetUserByName" time="2.072"/>
  <testcase classname="api.test.UserTests" name="testUpdateUserByName" time="4.129"/>
  <testcase classname="api.test.UserTests" name="testDeleteUserByName" time="2.073"/>
</testsuite> <!-- api.test.UserTests -->
