<?xml version="1.0" encoding="UTF-8"?>
<!-- Generated by org.testng.reporters.JUnitReportReporter -->
<testsuite hostname="CELSYSNCR000070" failures="0" tests="4" name="api.test.UserTests2" time="15.558" errors="0" timestamp="2024-01-02T09:51:30 IST" skipped="0">
  <testcase classname="api.test.UserTests2" name="testPostUser" time="4.070"/>
  <testcase classname="api.test.UserTests2" name="testGetUserByName" time="2.978"/>
  <testcase classname="api.test.UserTests2" name="testUpdateUserByName" time="4.538"/>
  <testcase classname="api.test.UserTests2" name="testDeleteUserByName" time="3.972"/>
</testsuite> <!-- api.test.UserTests2 -->
